
read: (g=0): rw=read, bs=(R) 64.0KiB-64.0KiB, (W) 64.0KiB-64.0KiB, (T) 64.0KiB-64.0KiB, ioengine=sync, iodepth=1
randread: (g=1): rw=randread, bs=(R) 64.0KiB-64.0KiB, (W) 64.0KiB-64.0KiB, (T) 64.0KiB-64.0KiB, ioengine=sync, iodepth=1
write: (g=2): rw=write, bs=(R) 64.0KiB-64.0KiB, (W) 64.0KiB-64.0KiB, (T) 64.0KiB-64.0KiB, ioengine=sync, iodepth=1
randwrite: (g=3): rw=randwrite, bs=(R) 64.0KiB-64.0KiB, (W) 64.0KiB-64.0KiB, (T) 64.0KiB-64.0KiB, ioengine=sync, iodepth=1
fio-3.31
Starting 4 processes

read: (groupid=0, jobs=1): err= 0: pid=4313: Thu Jun 29 10:41:05 2023
  read: IOPS=29.4k, BW=1839MiB/s (1928MB/s)(18.0GiB/10001msec)
    clat (usec): min=19, max=14189, avg=33.52, stdev=75.75
     lat (usec): min=20, max=14189, avg=33.59, stdev=75.75
    clat percentiles (usec):
     |  1.00th=[   22],  5.00th=[   23], 10.00th=[   24], 20.00th=[   26],
     | 30.00th=[   29], 40.00th=[   30], 50.00th=[   31], 60.00th=[   33],
     | 70.00th=[   34], 80.00th=[   39], 90.00th=[   47], 95.00th=[   51],
     | 99.00th=[   62], 99.50th=[   65], 99.90th=[   76], 99.95th=[  101],
     | 99.99th=[ 3982]
   bw (  MiB/s): min= 1181, max= 2203, per=100.00%, avg=1840.12, stdev=318.11, samples=19
   iops        : min=18899, max=35248, avg=29441.63, stdev=5089.73, samples=19
  lat (usec)   : 20=0.01%, 50=93.86%, 100=6.09%, 250=0.04%, 500=0.01%
  lat (usec)   : 750=0.01%, 1000=0.01%
  lat (msec)   : 2=0.01%, 4=0.01%, 10=0.01%, 20=0.01%
  cpu          : usr=4.51%, sys=32.62%, ctx=294256, majf=0, minf=28
  IO depths    : 1=100.0%, 2=0.0%, 4=0.0%, 8=0.0%, 16=0.0%, 32=0.0%, >=64=0.0%
     submit    : 0=0.0%, 4=100.0%, 8=0.0%, 16=0.0%, 32=0.0%, 64=0.0%, >=64=0.0%
     complete  : 0=0.0%, 4=100.0%, 8=0.0%, 16=0.0%, 32=0.0%, 64=0.0%, >=64=0.0%
     issued rwts: total=294280,0,0,0 short=0,0,0,0 dropped=0,0,0,0
     latency   : target=0, window=0, percentile=100.00%, depth=1
randread: (groupid=1, jobs=1): err= 0: pid=4329: Thu Jun 29 10:41:05 2023
  read: IOPS=25.4k, BW=1588MiB/s (1666MB/s)(15.5GiB/10001msec)
    clat (usec): min=19, max=6742, avg=38.35, stdev=33.84
     lat (usec): min=19, max=6742, avg=38.41, stdev=33.84
    clat percentiles (usec):
     |  1.00th=[   23],  5.00th=[   27], 10.00th=[   30], 20.00th=[   35],
     | 30.00th=[   37], 40.00th=[   38], 50.00th=[   39], 60.00th=[   40],
     | 70.00th=[   41], 80.00th=[   42], 90.00th=[   45], 95.00th=[   47],
     | 99.00th=[   54], 99.50th=[   58], 99.90th=[  108], 99.95th=[  125],
     | 99.99th=[  775]
   bw (  MiB/s): min= 1501, max= 1627, per=100.00%, avg=1590.79, stdev=36.44, samples=19
   iops        : min=24024, max=26036, avg=25452.53, stdev=583.03, samples=19
  lat (usec)   : 20=0.01%, 50=97.85%, 100=2.00%, 250=0.12%, 500=0.01%
  lat (usec)   : 750=0.01%, 1000=0.01%
  lat (msec)   : 2=0.01%, 4=0.01%, 10=0.01%
  cpu          : usr=3.88%, sys=27.14%, ctx=254148, majf=0, minf=25
  IO depths    : 1=100.0%, 2=0.0%, 4=0.0%, 8=0.0%, 16=0.0%, 32=0.0%, >=64=0.0%
     submit    : 0=0.0%, 4=100.0%, 8=0.0%, 16=0.0%, 32=0.0%, 64=0.0%, >=64=0.0%
     complete  : 0=0.0%, 4=100.0%, 8=0.0%, 16=0.0%, 32=0.0%, 64=0.0%, >=64=0.0%
     issued rwts: total=254161,0,0,0 short=0,0,0,0 dropped=0,0,0,0
     latency   : target=0, window=0, percentile=100.00%, depth=1
write: (groupid=2, jobs=1): err= 0: pid=4330: Thu Jun 29 10:41:05 2023
  write: IOPS=1873, BW=117MiB/s (123MB/s)(1171MiB/10001msec); 0 zone resets
    clat (usec): min=329, max=9834, avg=532.32, stdev=124.23
     lat (usec): min=330, max=9835, avg=532.55, stdev=124.24
    clat percentiles (usec):
     |  1.00th=[  355],  5.00th=[  388], 10.00th=[  408], 20.00th=[  433],
     | 30.00th=[  457], 40.00th=[  482], 50.00th=[  515], 60.00th=[  562],
     | 70.00th=[  603], 80.00th=[  644], 90.00th=[  676], 95.00th=[  701],
     | 99.00th=[  742], 99.50th=[  766], 99.90th=[  824], 99.95th=[  889],
     | 99.99th=[ 1647]
   bw (  KiB/s): min=106324, max=134156, per=100.00%, avg=120546.63, stdev=8732.24, samples=19
   iops        : min= 1661, max= 2096, avg=1883.21, stdev=136.51, samples=19
  lat (usec)   : 500=46.31%, 750=52.85%, 1000=0.81%
  lat (msec)   : 2=0.02%, 10=0.01%
  cpu          : usr=0.31%, sys=13.39%, ctx=18737, majf=0, minf=10
  IO depths    : 1=100.0%, 2=0.0%, 4=0.0%, 8=0.0%, 16=0.0%, 32=0.0%, >=64=0.0%
     submit    : 0=0.0%, 4=100.0%, 8=0.0%, 16=0.0%, 32=0.0%, 64=0.0%, >=64=0.0%
     complete  : 0=0.0%, 4=100.0%, 8=0.0%, 16=0.0%, 32=0.0%, 64=0.0%, >=64=0.0%
     issued rwts: total=0,18733,0,0 short=0,0,0,0 dropped=0,0,0,0
     latency   : target=0, window=0, percentile=100.00%, depth=1
randwrite: (groupid=3, jobs=1): err= 0: pid=4348: Thu Jun 29 10:41:05 2023
  write: IOPS=1383, BW=86.5MiB/s (90.7MB/s)(865MiB/10001msec); 0 zone resets
    clat (usec): min=413, max=18931, avg=718.84, stdev=440.32
     lat (usec): min=413, max=18931, avg=719.11, stdev=440.32
    clat percentiles (usec):
     |  1.00th=[  490],  5.00th=[  545], 10.00th=[  570], 20.00th=[  611],
     | 30.00th=[  635], 40.00th=[  668], 50.00th=[  693], 60.00th=[  717],
     | 70.00th=[  750], 80.00th=[  783], 90.00th=[  832], 95.00th=[  865],
     | 99.00th=[  938], 99.50th=[ 1123], 99.90th=[ 8848], 99.95th=[10290],
     | 99.99th=[15533]
   bw (  KiB/s): min=81186, max=100168, per=100.00%, avg=88677.42, stdev=5042.60, samples=19
   iops        : min= 1268, max= 1565, avg=1385.00, stdev=78.85, samples=19
  lat (usec)   : 500=1.49%, 750=68.82%, 1000=29.10%
  lat (msec)   : 2=0.20%, 4=0.09%, 10=0.24%, 20=0.06%
  cpu          : usr=0.74%, sys=17.52%, ctx=13845, majf=0, minf=9
  IO depths    : 1=100.0%, 2=0.0%, 4=0.0%, 8=0.0%, 16=0.0%, 32=0.0%, >=64=0.0%
     submit    : 0=0.0%, 4=100.0%, 8=0.0%, 16=0.0%, 32=0.0%, 64=0.0%, >=64=0.0%
     complete  : 0=0.0%, 4=100.0%, 8=0.0%, 16=0.0%, 32=0.0%, 64=0.0%, >=64=0.0%
     issued rwts: total=0,13840,0,0 short=0,0,0,0 dropped=0,0,0,0
     latency   : target=0, window=0, percentile=100.00%, depth=1

Run status group 0 (all jobs):
   READ: bw=1839MiB/s (1928MB/s), 1839MiB/s-1839MiB/s (1928MB/s-1928MB/s), io=18.0GiB (19.3GB), run=10001-10001msec

Run status group 1 (all jobs):
   READ: bw=1588MiB/s (1666MB/s), 1588MiB/s-1588MiB/s (1666MB/s-1666MB/s), io=15.5GiB (16.7GB), run=10001-10001msec

Run status group 2 (all jobs):
  WRITE: bw=117MiB/s (123MB/s), 117MiB/s-117MiB/s (123MB/s-123MB/s), io=1171MiB (1228MB), run=10001-10001msec

Run status group 3 (all jobs):
  WRITE: bw=86.5MiB/s (90.7MB/s), 86.5MiB/s-86.5MiB/s (90.7MB/s-90.7MB/s), io=865MiB (907MB), run=10001-10001msec

Disk stats (read/write):
    md5: ios=548668/32212, merge=0/0, ticks=0/0, in_queue=0, util=0.00%, aggrios=124276/29959, aggrmerge=106818/178509, aggrticks=4945/7827, aggrin_queue=92, aggrutil=96.91%
  nvme0n1: ios=124492/30047, merge=107325/178450, ticks=4937/8013, in_queue=112, util=96.91%
  nvme3n1: ios=124241/29749, merge=106554/178844, ticks=4550/7831, in_queue=80, util=96.73%
  nvme2n1: ios=124279/29824, merge=106881/178993, ticks=5113/7689, in_queue=68, util=96.78%
  nvme1n1: ios=124117/30132, merge=106082/178029, ticks=5392/7850, in_queue=84, util=96.87%
  nvme4n1: ios=124252/30043, merge=107249/178230, ticks=4733/7752, in_queue=116, util=96.86%
read: (g=0): rw=read, bs=(R) 64.0KiB-64.0KiB, (W) 64.0KiB-64.0KiB, (T) 64.0KiB-64.0KiB, ioengine=sync, iodepth=1
...
randread: (g=1): rw=randread, bs=(R) 64.0KiB-64.0KiB, (W) 64.0KiB-64.0KiB, (T) 64.0KiB-64.0KiB, ioengine=sync, iodepth=1
...
write: (g=2): rw=write, bs=(R) 64.0KiB-64.0KiB, (W) 64.0KiB-64.0KiB, (T) 64.0KiB-64.0KiB, ioengine=sync, iodepth=1
...
randwrite: (g=3): rw=randwrite, bs=(R) 64.0KiB-64.0KiB, (W) 64.0KiB-64.0KiB, (T) 64.0KiB-64.0KiB, ioengine=sync, iodepth=1
...
fio-3.31
Starting 8 processes

read: (groupid=0, jobs=2): err= 0: pid=4374: Thu Jun 29 10:41:48 2023
  read: IOPS=28.0k, BW=1749MiB/s (1834MB/s)(17.1GiB/10001msec)
    clat (usec): min=48, max=2479, avg=70.99, stdev=20.18
     lat (usec): min=48, max=2479, avg=71.04, stdev=20.18
    clat percentiles (usec):
     |  1.00th=[   51],  5.00th=[   52], 10.00th=[   54], 20.00th=[   62],
     | 30.00th=[   63], 40.00th=[   64], 50.00th=[   65], 60.00th=[   66],
     | 70.00th=[   68], 80.00th=[   83], 90.00th=[  105], 95.00th=[  109],
     | 99.00th=[  122], 99.50th=[  126], 99.90th=[  139], 99.95th=[  145],
     | 99.99th=[  174]
   bw (  MiB/s): min= 1715, max= 1770, per=100.00%, avg=1752.13, stdev= 6.75, samples=38
   iops        : min=27448, max=28330, avg=28033.74, stdev=108.11, samples=38
  lat (usec)   : 50=0.59%, 100=83.63%, 250=15.77%, 500=0.01%, 750=0.01%
  lat (usec)   : 1000=0.01%
  lat (msec)   : 2=0.01%, 4=0.01%
  cpu          : usr=2.29%, sys=15.08%, ctx=279933, majf=0, minf=58
  IO depths    : 1=100.0%, 2=0.0%, 4=0.0%, 8=0.0%, 16=0.0%, 32=0.0%, >=64=0.0%
     submit    : 0=0.0%, 4=100.0%, 8=0.0%, 16=0.0%, 32=0.0%, 64=0.0%, >=64=0.0%
     complete  : 0=0.0%, 4=100.0%, 8=0.0%, 16=0.0%, 32=0.0%, 64=0.0%, >=64=0.0%
     issued rwts: total=279944,0,0,0 short=0,0,0,0 dropped=0,0,0,0
     latency   : target=0, window=0, percentile=100.00%, depth=1
randread: (groupid=1, jobs=2): err= 0: pid=4391: Thu Jun 29 10:41:48 2023
  read: IOPS=26.5k, BW=1655MiB/s (1736MB/s)(16.2GiB/10001msec)
    clat (usec): min=47, max=10637, avg=74.44, stdev=64.87
     lat (usec): min=47, max=10637, avg=74.50, stdev=64.87
    clat percentiles (usec):
     |  1.00th=[   50],  5.00th=[   51], 10.00th=[   58], 20.00th=[   63],
     | 30.00th=[   64], 40.00th=[   65], 50.00th=[   67], 60.00th=[   68],
     | 70.00th=[   71], 80.00th=[   96], 90.00th=[  106], 95.00th=[  109],
     | 99.00th=[  133], 99.50th=[  149], 99.90th=[  178], 99.95th=[  192],
     | 99.99th=[  816]
   bw (  MiB/s): min= 1557, max= 1721, per=100.00%, avg=1659.01, stdev=18.13, samples=38
   iops        : min=24919, max=27540, avg=26543.84, stdev=290.17, samples=38
  lat (usec)   : 50=1.35%, 100=80.03%, 250=18.60%, 500=0.01%, 750=0.01%
  lat (usec)   : 1000=0.01%
  lat (msec)   : 4=0.01%, 10=0.01%, 20=0.01%
  cpu          : usr=2.13%, sys=14.96%, ctx=264834, majf=0, minf=52
  IO depths    : 1=100.0%, 2=0.0%, 4=0.0%, 8=0.0%, 16=0.0%, 32=0.0%, >=64=0.0%
     submit    : 0=0.0%, 4=100.0%, 8=0.0%, 16=0.0%, 32=0.0%, 64=0.0%, >=64=0.0%
     complete  : 0=0.0%, 4=100.0%, 8=0.0%, 16=0.0%, 32=0.0%, 64=0.0%, >=64=0.0%
     issued rwts: total=264852,0,0,0 short=0,0,0,0 dropped=0,0,0,0
     latency   : target=0, window=0, percentile=100.00%, depth=1
write: (groupid=2, jobs=2): err= 0: pid=4394: Thu Jun 29 10:41:48 2023
  write: IOPS=3384, BW=212MiB/s (222MB/s)(2116MiB/10001msec); 0 zone resets
    clat (usec): min=308, max=13702, avg=589.29, stdev=277.01
     lat (usec): min=308, max=13702, avg=589.49, stdev=277.01
    clat percentiles (usec):
     |  1.00th=[  371],  5.00th=[  400], 10.00th=[  424], 20.00th=[  465],
     | 30.00th=[  502], 40.00th=[  529], 50.00th=[  570], 60.00th=[  611],
     | 70.00th=[  652], 80.00th=[  693], 90.00th=[  750], 95.00th=[  791],
     | 99.00th=[  898], 99.50th=[  947], 99.90th=[ 5735], 99.95th=[ 7570],
     | 99.99th=[ 8586]
   bw (  KiB/s): min=186099, max=245610, per=100.00%, avg=218321.53, stdev=9112.01, samples=38
   iops        : min= 2906, max= 3836, avg=3410.37, stdev=142.30, samples=38
  lat (usec)   : 500=29.32%, 750=61.11%, 1000=9.28%
  lat (msec)   : 2=0.14%, 4=0.01%, 10=0.14%, 20=0.01%
  cpu          : usr=0.69%, sys=6.79%, ctx=41390, majf=0, minf=19
  IO depths    : 1=100.0%, 2=0.0%, 4=0.0%, 8=0.0%, 16=0.0%, 32=0.0%, >=64=0.0%
     submit    : 0=0.0%, 4=100.0%, 8=0.0%, 16=0.0%, 32=0.0%, 64=0.0%, >=64=0.0%
     complete  : 0=0.0%, 4=100.0%, 8=0.0%, 16=0.0%, 32=0.0%, 64=0.0%, >=64=0.0%
     issued rwts: total=0,33850,0,0 short=0,0,0,0 dropped=0,0,0,0
     latency   : target=0, window=0, percentile=100.00%, depth=1
randwrite: (groupid=3, jobs=2): err= 0: pid=4423: Thu Jun 29 10:41:48 2023
  write: IOPS=3183, BW=199MiB/s (209MB/s)(1990MiB/10001msec); 0 zone resets
    clat (usec): min=340, max=5378, avg=623.76, stdev=123.68
     lat (usec): min=340, max=5379, avg=624.06, stdev=123.70
    clat percentiles (usec):
     |  1.00th=[  408],  5.00th=[  453], 10.00th=[  486], 20.00th=[  529],
     | 30.00th=[  562], 40.00th=[  594], 50.00th=[  619], 60.00th=[  652],
     | 70.00th=[  676], 80.00th=[  717], 90.00th=[  758], 95.00th=[  799],
     | 99.00th=[  889], 99.50th=[  930], 99.90th=[ 1303], 99.95th=[ 2114],
     | 99.99th=[ 3916]
   bw (  KiB/s): min=193982, max=235904, per=99.49%, avg=202726.00, stdev=4523.58, samples=38
   iops        : min= 3030, max= 3686, avg=3167.05, stdev=70.76, samples=38
  lat (usec)   : 500=13.52%, 750=74.89%, 1000=11.40%
  lat (msec)   : 2=0.14%, 4=0.04%, 10=0.01%
  cpu          : usr=0.81%, sys=19.30%, ctx=31858, majf=0, minf=21
  IO depths    : 1=100.0%, 2=0.0%, 4=0.0%, 8=0.0%, 16=0.0%, 32=0.0%, >=64=0.0%
     submit    : 0=0.0%, 4=100.0%, 8=0.0%, 16=0.0%, 32=0.0%, 64=0.0%, >=64=0.0%
     complete  : 0=0.0%, 4=100.0%, 8=0.0%, 16=0.0%, 32=0.0%, 64=0.0%, >=64=0.0%
     issued rwts: total=0,31842,0,0 short=0,0,0,0 dropped=0,0,0,0
     latency   : target=0, window=0, percentile=100.00%, depth=1

Run status group 0 (all jobs):
   READ: bw=1749MiB/s (1834MB/s), 1749MiB/s-1749MiB/s (1834MB/s-1834MB/s), io=17.1GiB (18.3GB), run=10001-10001msec

Run status group 1 (all jobs):
   READ: bw=1655MiB/s (1736MB/s), 1655MiB/s-1655MiB/s (1736MB/s-1736MB/s), io=16.2GiB (17.4GB), run=10001-10001msec

Run status group 2 (all jobs):
  WRITE: bw=212MiB/s (222MB/s), 212MiB/s-212MiB/s (222MB/s-222MB/s), io=2116MiB (2218MB), run=10001-10001msec

Run status group 3 (all jobs):
  WRITE: bw=199MiB/s (209MB/s), 199MiB/s-199MiB/s (209MB/s-209MB/s), io=1990MiB (2087MB), run=10001-10001msec

Disk stats (read/write):
    md5: ios=545138/65654, merge=0/0, ticks=0/0, in_queue=0, util=0.00%, aggrios=129383/59941, aggrmerge=158918/355155, aggrticks=9843/14897, aggrin_queue=84, aggrutil=98.26%
  nvme0n1: ios=129365/59955, merge=158240/354342, ticks=9773/14947, in_queue=68, util=98.26%
  nvme3n1: ios=129542/59624, merge=159085/355323, ticks=10181/15135, in_queue=96, util=98.20%
  nvme2n1: ios=129389/59735, merge=159207/355349, ticks=10268/15137, in_queue=52, util=98.20%
  nvme1n1: ios=129276/60929, merge=159487/354566, ticks=9679/14496, in_queue=96, util=98.22%
  nvme4n1: ios=129344/59466, merge=158573/356196, ticks=9314/14772, in_queue=108, util=98.21%
read: (g=0): rw=read, bs=(R) 64.0KiB-64.0KiB, (W) 64.0KiB-64.0KiB, (T) 64.0KiB-64.0KiB, ioengine=sync, iodepth=1
...
randread: (g=1): rw=randread, bs=(R) 64.0KiB-64.0KiB, (W) 64.0KiB-64.0KiB, (T) 64.0KiB-64.0KiB, ioengine=sync, iodepth=1
...
write: (g=2): rw=write, bs=(R) 64.0KiB-64.0KiB, (W) 64.0KiB-64.0KiB, (T) 64.0KiB-64.0KiB, ioengine=sync, iodepth=1
...
randwrite: (g=3): rw=randwrite, bs=(R) 64.0KiB-64.0KiB, (W) 64.0KiB-64.0KiB, (T) 64.0KiB-64.0KiB, ioengine=sync, iodepth=1
...
fio-3.31
Starting 16 processes

read: (groupid=0, jobs=4): err= 0: pid=4455: Thu Jun 29 10:42:31 2023
  read: IOPS=56.8k, BW=3547MiB/s (3720MB/s)(34.6GiB/10001msec)
    clat (usec): min=48, max=14853, avg=70.02, stdev=94.11
     lat (usec): min=48, max=14853, avg=70.09, stdev=94.11
    clat percentiles (usec):
     |  1.00th=[   50],  5.00th=[   52], 10.00th=[   53], 20.00th=[   55],
     | 30.00th=[   55], 40.00th=[   57], 50.00th=[   58], 60.00th=[   61],
     | 70.00th=[   70], 80.00th=[   93], 90.00th=[   98], 95.00th=[  106],
     | 99.00th=[  145], 99.50th=[  188], 99.90th=[  302], 99.95th=[  404],
     | 99.99th=[ 5211]
   bw (  MiB/s): min= 2996, max= 3759, per=100.00%, avg=3601.22, stdev=40.77, samples=76
   iops        : min=47940, max=60150, avg=57619.47, stdev=652.32, samples=76
  lat (usec)   : 50=0.91%, 100=91.18%, 250=7.68%, 500=0.21%, 750=0.01%
  lat (usec)   : 1000=0.01%
  lat (msec)   : 2=0.01%, 4=0.01%, 10=0.01%, 20=0.01%
  cpu          : usr=1.72%, sys=17.78%, ctx=567604, majf=0, minf=110
  IO depths    : 1=100.0%, 2=0.0%, 4=0.0%, 8=0.0%, 16=0.0%, 32=0.0%, >=64=0.0%
     submit    : 0=0.0%, 4=100.0%, 8=0.0%, 16=0.0%, 32=0.0%, 64=0.0%, >=64=0.0%
     complete  : 0=0.0%, 4=100.0%, 8=0.0%, 16=0.0%, 32=0.0%, 64=0.0%, >=64=0.0%
     issued rwts: total=567644,0,0,0 short=0,0,0,0 dropped=0,0,0,0
     latency   : target=0, window=0, percentile=100.00%, depth=1
randread: (groupid=1, jobs=4): err= 0: pid=4475: Thu Jun 29 10:42:31 2023
  read: IOPS=53.9k, BW=3371MiB/s (3535MB/s)(32.9GiB/10001msec)
    clat (usec): min=49, max=7868, avg=73.11, stdev=67.43
     lat (usec): min=49, max=7868, avg=73.18, stdev=67.43
    clat percentiles (usec):
     |  1.00th=[   51],  5.00th=[   52], 10.00th=[   53], 20.00th=[   55],
     | 30.00th=[   56], 40.00th=[   59], 50.00th=[   62], 60.00th=[   68],
     | 70.00th=[   81], 80.00th=[   94], 90.00th=[  101], 95.00th=[  111],
     | 99.00th=[  147], 99.50th=[  217], 99.90th=[  412], 99.95th=[  498],
     | 99.99th=[  734]
   bw (  MiB/s): min= 2329, max= 3549, per=100.00%, avg=3385.41, stdev=66.63, samples=76
   iops        : min=37268, max=56790, avg=54165.84, stdev=1066.07, samples=76
  lat (usec)   : 50=0.06%, 100=89.22%, 250=10.39%, 500=0.28%, 750=0.04%
  lat (msec)   : 4=0.01%, 10=0.01%
  cpu          : usr=2.20%, sys=15.31%, ctx=539379, majf=0, minf=98
  IO depths    : 1=100.0%, 2=0.0%, 4=0.0%, 8=0.0%, 16=0.0%, 32=0.0%, >=64=0.0%
     submit    : 0=0.0%, 4=100.0%, 8=0.0%, 16=0.0%, 32=0.0%, 64=0.0%, >=64=0.0%
     complete  : 0=0.0%, 4=100.0%, 8=0.0%, 16=0.0%, 32=0.0%, 64=0.0%, >=64=0.0%
     issued rwts: total=539389,0,0,0 short=0,0,0,0 dropped=0,0,0,0
     latency   : target=0, window=0, percentile=100.00%, depth=1
write: (groupid=2, jobs=4): err= 0: pid=4479: Thu Jun 29 10:42:31 2023
  write: IOPS=5479, BW=342MiB/s (359MB/s)(3425MiB/10001msec); 0 zone resets
    clat (usec): min=363, max=6127, avg=727.97, stdev=203.44
     lat (usec): min=363, max=6128, avg=728.24, stdev=203.44
    clat percentiles (usec):
     |  1.00th=[  498],  5.00th=[  529], 10.00th=[  553], 20.00th=[  578],
     | 30.00th=[  619], 40.00th=[  652], 50.00th=[  693], 60.00th=[  725],
     | 70.00th=[  775], 80.00th=[  840], 90.00th=[  963], 95.00th=[ 1074],
     | 99.00th=[ 1319], 99.50th=[ 1434], 99.90th=[ 1844], 99.95th=[ 3818],
     | 99.99th=[ 5932]
   bw (  KiB/s): min=339749, max=370660, per=100.00%, avg=351295.16, stdev=2547.04, samples=76
   iops        : min= 5306, max= 5788, avg=5486.74, stdev=39.77, samples=76
  lat (usec)   : 500=1.18%, 750=64.90%, 1000=26.23%
  lat (msec)   : 2=7.62%, 4=0.03%, 10=0.05%
  cpu          : usr=0.77%, sys=7.43%, ctx=91513, majf=0, minf=43
  IO depths    : 1=100.0%, 2=0.0%, 4=0.0%, 8=0.0%, 16=0.0%, 32=0.0%, >=64=0.0%
     submit    : 0=0.0%, 4=100.0%, 8=0.0%, 16=0.0%, 32=0.0%, 64=0.0%, >=64=0.0%
     complete  : 0=0.0%, 4=100.0%, 8=0.0%, 16=0.0%, 32=0.0%, 64=0.0%, >=64=0.0%
     issued rwts: total=0,54804,0,0 short=0,0,0,0 dropped=0,0,0,0
     latency   : target=0, window=0, percentile=100.00%, depth=1
randwrite: (groupid=3, jobs=4): err= 0: pid=4511: Thu Jun 29 10:42:31 2023
  write: IOPS=5807, BW=363MiB/s (381MB/s)(3630MiB/10001msec); 0 zone resets
    clat (usec): min=302, max=3382, avg=684.67, stdev=141.82
     lat (usec): min=302, max=3382, avg=684.98, stdev=141.83
    clat percentiles (usec):
     |  1.00th=[  416],  5.00th=[  478], 10.00th=[  510], 20.00th=[  562],
     | 30.00th=[  603], 40.00th=[  644], 50.00th=[  676], 60.00th=[  709],
     | 70.00th=[  750], 80.00th=[  799], 90.00th=[  865], 95.00th=[  922],
     | 99.00th=[ 1057], 99.50th=[ 1123], 99.90th=[ 1303], 99.95th=[ 1450],
     | 99.99th=[ 2868]
   bw (  KiB/s): min=340352, max=420864, per=99.76%, avg=370805.53, stdev=5493.38, samples=76
   iops        : min= 5318, max= 6576, avg=5793.68, stdev=85.86, samples=76
  lat (usec)   : 500=8.14%, 750=61.73%, 1000=28.20%
  lat (msec)   : 2=1.90%, 4=0.03%
  cpu          : usr=0.93%, sys=20.42%, ctx=58198, majf=0, minf=31
  IO depths    : 1=100.0%, 2=0.0%, 4=0.0%, 8=0.0%, 16=0.0%, 32=0.0%, >=64=0.0%
     submit    : 0=0.0%, 4=100.0%, 8=0.0%, 16=0.0%, 32=0.0%, 64=0.0%, >=64=0.0%
     complete  : 0=0.0%, 4=100.0%, 8=0.0%, 16=0.0%, 32=0.0%, 64=0.0%, >=64=0.0%
     issued rwts: total=0,58085,0,0 short=0,0,0,0 dropped=0,0,0,0
     latency   : target=0, window=0, percentile=100.00%, depth=1

Run status group 0 (all jobs):
   READ: bw=3547MiB/s (3720MB/s), 3547MiB/s-3547MiB/s (3720MB/s-3720MB/s), io=34.6GiB (37.2GB), run=10001-10001msec

Run status group 1 (all jobs):
   READ: bw=3371MiB/s (3535MB/s), 3371MiB/s-3371MiB/s (3535MB/s-3535MB/s), io=32.9GiB (35.3GB), run=10001-10001msec

Run status group 2 (all jobs):
  WRITE: bw=342MiB/s (359MB/s), 342MiB/s-342MiB/s (359MB/s-359MB/s), io=3425MiB (3592MB), run=10001-10001msec

Run status group 3 (all jobs):
  WRITE: bw=363MiB/s (381MB/s), 363MiB/s-363MiB/s (381MB/s-381MB/s), io=3630MiB (3807MB), run=10001-10001msec

Disk stats (read/write):
    md5: ios=1107375/112771, merge=0/0, ticks=0/0, in_queue=0, util=0.00%, aggrios=254519/125182, aggrmerge=241668/533659, aggrticks=19156/31511, aggrin_queue=138, aggrutil=98.36%
  nvme0n1: ios=254682/125034, merge=241375/534133, ticks=18554/30970, in_queue=64, util=98.36%
  nvme3n1: ios=254361/125253, merge=240575/533336, ticks=19110/32094, in_queue=96, util=98.27%
  nvme2n1: ios=254614/124808, merge=243041/533161, ticks=20181/32522, in_queue=232, util=98.31%
  nvme1n1: ios=254637/125204, merge=242407/534735, ticks=19336/30016, in_queue=176, util=98.30%
  nvme4n1: ios=254302/125611, merge=240944/532930, ticks=18601/31956, in_queue=124, util=98.31%
read: (g=0): rw=read, bs=(R) 64.0KiB-64.0KiB, (W) 64.0KiB-64.0KiB, (T) 64.0KiB-64.0KiB, ioengine=sync, iodepth=1
...
randread: (g=1): rw=randread, bs=(R) 64.0KiB-64.0KiB, (W) 64.0KiB-64.0KiB, (T) 64.0KiB-64.0KiB, ioengine=sync, iodepth=1
...
write: (g=2): rw=write, bs=(R) 64.0KiB-64.0KiB, (W) 64.0KiB-64.0KiB, (T) 64.0KiB-64.0KiB, ioengine=sync, iodepth=1
...
randwrite: (g=3): rw=randwrite, bs=(R) 64.0KiB-64.0KiB, (W) 64.0KiB-64.0KiB, (T) 64.0KiB-64.0KiB, ioengine=sync, iodepth=1
...
fio-3.31
Starting 32 processes

read: (groupid=0, jobs=8): err= 0: pid=4543: Thu Jun 29 10:43:14 2023
  read: IOPS=99.0k, BW=6190MiB/s (6491MB/s)(60.5GiB/10002msec)
    clat (usec): min=48, max=9763, avg=80.28, stdev=73.27
     lat (usec): min=48, max=9763, avg=80.36, stdev=73.27
    clat percentiles (usec):
     |  1.00th=[   52],  5.00th=[   55], 10.00th=[   56], 20.00th=[   59],
     | 30.00th=[   62], 40.00th=[   67], 50.00th=[   73], 60.00th=[   82],
     | 70.00th=[   93], 80.00th=[  100], 90.00th=[  112], 95.00th=[  123],
     | 99.00th=[  149], 99.50th=[  161], 99.90th=[  194], 99.95th=[  210],
     | 99.99th=[ 4359]
   bw (  MiB/s): min= 5834, max= 6559, per=100.00%, avg=6195.87, stdev=23.25, samples=152
   iops        : min=93351, max=104956, avg=99131.58, stdev=372.09, samples=152
  lat (usec)   : 50=0.12%, 100=80.25%, 250=19.61%, 500=0.01%, 750=0.01%
  lat (msec)   : 2=0.01%, 4=0.01%, 10=0.01%
  cpu          : usr=1.50%, sys=16.64%, ctx=990641, majf=0, minf=241
  IO depths    : 1=100.0%, 2=0.0%, 4=0.0%, 8=0.0%, 16=0.0%, 32=0.0%, >=64=0.0%
     submit    : 0=0.0%, 4=100.0%, 8=0.0%, 16=0.0%, 32=0.0%, 64=0.0%, >=64=0.0%
     complete  : 0=0.0%, 4=100.0%, 8=0.0%, 16=0.0%, 32=0.0%, 64=0.0%, >=64=0.0%
     issued rwts: total=990675,0,0,0 short=0,0,0,0 dropped=0,0,0,0
     latency   : target=0, window=0, percentile=100.00%, depth=1
randread: (groupid=1, jobs=8): err= 0: pid=4582: Thu Jun 29 10:43:14 2023
  read: IOPS=89.7k, BW=5608MiB/s (5880MB/s)(54.8GiB/10001msec)
    clat (usec): min=48, max=14182, avg=87.86, stdev=101.97
     lat (usec): min=48, max=14182, avg=87.95, stdev=101.98
    clat percentiles (usec):
     |  1.00th=[   52],  5.00th=[   55], 10.00th=[   57], 20.00th=[   59],
     | 30.00th=[   64], 40.00th=[   71], 50.00th=[   79], 60.00th=[   90],
     | 70.00th=[   97], 80.00th=[  105], 90.00th=[  120], 95.00th=[  135],
     | 99.00th=[  194], 99.50th=[  338], 99.90th=[  832], 99.95th=[ 1004],
     | 99.99th=[ 5538]
   bw (  MiB/s): min= 2558, max= 6038, per=100.00%, avg=5631.75, stdev=99.46, samples=152
   iops        : min=40936, max=96613, avg=90105.89, stdev=1591.46, samples=152
  lat (usec)   : 50=0.09%, 100=75.23%, 250=23.97%, 500=0.39%, 750=0.18%
  lat (usec)   : 1000=0.09%
  lat (msec)   : 2=0.03%, 4=0.01%, 10=0.01%, 20=0.01%
  cpu          : usr=1.99%, sys=15.27%, ctx=897321, majf=0, minf=224
  IO depths    : 1=100.0%, 2=0.0%, 4=0.0%, 8=0.0%, 16=0.0%, 32=0.0%, >=64=0.0%
     submit    : 0=0.0%, 4=100.0%, 8=0.0%, 16=0.0%, 32=0.0%, 64=0.0%, >=64=0.0%
     complete  : 0=0.0%, 4=100.0%, 8=0.0%, 16=0.0%, 32=0.0%, 64=0.0%, >=64=0.0%
     issued rwts: total=897359,0,0,0 short=0,0,0,0 dropped=0,0,0,0
     latency   : target=0, window=0, percentile=100.00%, depth=1
write: (groupid=2, jobs=8): err= 0: pid=4590: Thu Jun 29 10:43:14 2023
  write: IOPS=8811, BW=551MiB/s (577MB/s)(5508MiB/10001msec); 0 zone resets
    clat (usec): min=357, max=7540, avg=905.95, stdev=349.97
     lat (usec): min=358, max=7541, avg=906.20, stdev=349.97
    clat percentiles (usec):
     |  1.00th=[  519],  5.00th=[  586], 10.00th=[  627], 20.00th=[  685],
     | 30.00th=[  734], 40.00th=[  783], 50.00th=[  824], 60.00th=[  881],
     | 70.00th=[  947], 80.00th=[ 1037], 90.00th=[ 1221], 95.00th=[ 1483],
     | 99.00th=[ 2376], 99.50th=[ 2737], 99.90th=[ 3589], 99.95th=[ 4178],
     | 99.99th=[ 6128]
   bw (  KiB/s): min=526729, max=602831, per=100.00%, avg=564220.26, stdev=3025.18, samples=152
   iops        : min= 8230, max= 9418, avg=8814.63, stdev=47.20, samples=152
  lat (usec)   : 500=0.61%, 750=32.57%, 1000=43.35%
  lat (msec)   : 2=21.42%, 4=1.99%, 10=0.06%
  cpu          : usr=0.57%, sys=7.84%, ctx=174391, majf=0, minf=102
  IO depths    : 1=100.0%, 2=0.0%, 4=0.0%, 8=0.0%, 16=0.0%, 32=0.0%, >=64=0.0%
     submit    : 0=0.0%, 4=100.0%, 8=0.0%, 16=0.0%, 32=0.0%, 64=0.0%, >=64=0.0%
     complete  : 0=0.0%, 4=100.0%, 8=0.0%, 16=0.0%, 32=0.0%, 64=0.0%, >=64=0.0%
     issued rwts: total=0,88120,0,0 short=0,0,0,0 dropped=0,0,0,0
     latency   : target=0, window=0, percentile=100.00%, depth=1
randwrite: (groupid=3, jobs=8): err= 0: pid=4618: Thu Jun 29 10:43:14 2023
  write: IOPS=7222, BW=451MiB/s (473MB/s)(4514MiB/10001msec); 0 zone resets
    clat (usec): min=419, max=38885, avg=1102.83, stdev=339.53
     lat (usec): min=419, max=38885, avg=1103.18, stdev=339.61
    clat percentiles (usec):
     |  1.00th=[  627],  5.00th=[  750], 10.00th=[  816], 20.00th=[  914],
     | 30.00th=[  979], 40.00th=[ 1037], 50.00th=[ 1090], 60.00th=[ 1139],
     | 70.00th=[ 1205], 80.00th=[ 1270], 90.00th=[ 1385], 95.00th=[ 1483],
     | 99.00th=[ 1713], 99.50th=[ 1827], 99.90th=[ 2245], 99.95th=[ 2507],
     | 99.99th=[13304]
   bw (  KiB/s): min=429290, max=551296, per=100.00%, avg=462900.32, stdev=3359.96, samples=152
   iops        : min= 6706, max= 8614, avg=7232.11, stdev=52.56, samples=152
  lat (usec)   : 500=0.05%, 750=5.13%, 1000=28.23%
  lat (msec)   : 2=66.39%, 4=0.18%, 10=0.02%, 20=0.01%, 50=0.01%
  cpu          : usr=0.51%, sys=24.52%, ctx=72512, majf=0, minf=93
  IO depths    : 1=100.0%, 2=0.0%, 4=0.0%, 8=0.0%, 16=0.0%, 32=0.0%, >=64=0.0%
     submit    : 0=0.0%, 4=100.0%, 8=0.0%, 16=0.0%, 32=0.0%, 64=0.0%, >=64=0.0%
     complete  : 0=0.0%, 4=100.0%, 8=0.0%, 16=0.0%, 32=0.0%, 64=0.0%, >=64=0.0%
     issued rwts: total=0,72229,0,0 short=0,0,0,0 dropped=0,0,0,0
     latency   : target=0, window=0, percentile=100.00%, depth=1

Run status group 0 (all jobs):
   READ: bw=6190MiB/s (6491MB/s), 6190MiB/s-6190MiB/s (6491MB/s-6491MB/s), io=60.5GiB (64.9GB), run=10002-10002msec

Run status group 1 (all jobs):
   READ: bw=5608MiB/s (5880MB/s), 5608MiB/s-5608MiB/s (5880MB/s-5880MB/s), io=54.8GiB (58.8GB), run=10001-10001msec

Run status group 2 (all jobs):
  WRITE: bw=551MiB/s (577MB/s), 551MiB/s-551MiB/s (577MB/s-577MB/s), io=5508MiB (5775MB), run=10001-10001msec

Run status group 3 (all jobs):
  WRITE: bw=451MiB/s (473MB/s), 451MiB/s-451MiB/s (473MB/s-473MB/s), io=4514MiB (4734MB), run=10001-10001msec

Disk stats (read/write):
    md5: ios=1888373/160144, merge=0/0, ticks=0/0, in_queue=0, util=0.00%, aggrios=423843/260288, aggrmerge=282006/626992, aggrticks=38882/75925, aggrin_queue=232, aggrutil=98.28%
  nvme0n1: ios=423999/259294, merge=282926/627464, ticks=37278/73880, in_queue=208, util=98.28%
  nvme3n1: ios=423995/260813, merge=282721/626437, ticks=39877/78129, in_queue=208, util=98.16%
  nvme2n1: ios=423257/260075, merge=279738/628117, ticks=37815/79527, in_queue=364, util=98.28%
  nvme1n1: ios=424159/260491, merge=283017/628042, ticks=41342/71735, in_queue=128, util=98.20%
  nvme4n1: ios=423809/260768, merge=281632/624903, ticks=38101/76354, in_queue=256, util=98.22%
read: (g=0): rw=read, bs=(R) 64.0KiB-64.0KiB, (W) 64.0KiB-64.0KiB, (T) 64.0KiB-64.0KiB, ioengine=sync, iodepth=1
...
randread: (g=1): rw=randread, bs=(R) 64.0KiB-64.0KiB, (W) 64.0KiB-64.0KiB, (T) 64.0KiB-64.0KiB, ioengine=sync, iodepth=1
...
write: (g=2): rw=write, bs=(R) 64.0KiB-64.0KiB, (W) 64.0KiB-64.0KiB, (T) 64.0KiB-64.0KiB, ioengine=sync, iodepth=1
...
randwrite: (g=3): rw=randwrite, bs=(R) 64.0KiB-64.0KiB, (W) 64.0KiB-64.0KiB, (T) 64.0KiB-64.0KiB, ioengine=sync, iodepth=1
...
fio-3.31
Starting 64 processes

read: (groupid=0, jobs=16): err= 0: pid=4677: Thu Jun 29 10:43:57 2023
  read: IOPS=165k, BW=10.1GiB/s (10.8GB/s)(101GiB/10001msec)
    clat (usec): min=48, max=1046, avg=96.36, stdev=31.55
     lat (usec): min=48, max=1046, avg=96.43, stdev=31.55
    clat percentiles (usec):
     |  1.00th=[   53],  5.00th=[   57], 10.00th=[   61], 20.00th=[   69],
     | 30.00th=[   76], 40.00th=[   86], 50.00th=[   94], 60.00th=[  101],
     | 70.00th=[  109], 80.00th=[  119], 90.00th=[  137], 95.00th=[  153],
     | 99.00th=[  196], 99.50th=[  215], 99.90th=[  262], 99.95th=[  281],
     | 99.99th=[  338]
   bw (  MiB/s): min= 9433, max=10889, per=100.00%, avg=10327.66, stdev=31.41, samples=304
   iops        : min=150941, max=174234, avg=165238.05, stdev=502.48, samples=304
  lat (usec)   : 50=0.01%, 100=59.33%, 250=40.52%, 500=0.14%, 750=0.01%
  lat (usec)   : 1000=0.01%
  lat (msec)   : 2=0.01%
  cpu          : usr=1.24%, sys=13.30%, ctx=1652589, majf=0, minf=443
  IO depths    : 1=100.0%, 2=0.0%, 4=0.0%, 8=0.0%, 16=0.0%, 32=0.0%, >=64=0.0%
     submit    : 0=0.0%, 4=100.0%, 8=0.0%, 16=0.0%, 32=0.0%, 64=0.0%, >=64=0.0%
     complete  : 0=0.0%, 4=100.0%, 8=0.0%, 16=0.0%, 32=0.0%, 64=0.0%, >=64=0.0%
     issued rwts: total=1652607,0,0,0 short=0,0,0,0 dropped=0,0,0,0
     latency   : target=0, window=0, percentile=100.00%, depth=1
randread: (groupid=1, jobs=16): err= 0: pid=4724: Thu Jun 29 10:43:57 2023
  read: IOPS=166k, BW=10.1GiB/s (10.8GB/s)(101GiB/10001msec)
    clat (usec): min=49, max=9985, avg=95.41, stdev=53.41
     lat (usec): min=49, max=9985, avg=95.48, stdev=53.41
    clat percentiles (usec):
     |  1.00th=[   54],  5.00th=[   57], 10.00th=[   59], 20.00th=[   67],
     | 30.00th=[   76], 40.00th=[   86], 50.00th=[   94], 60.00th=[  100],
     | 70.00th=[  108], 80.00th=[  118], 90.00th=[  135], 95.00th=[  149],
     | 99.00th=[  182], 99.50th=[  196], 99.90th=[  229], 99.95th=[  243],
     | 99.99th=[  314]
   bw (  MiB/s): min=10134, max=10532, per=100.00%, avg=10381.84, stdev= 5.93, samples=304
   iops        : min=162145, max=168518, avg=166104.74, stdev=94.96, samples=304
  lat (usec)   : 50=0.01%, 100=60.85%, 250=39.12%, 500=0.03%, 750=0.01%
  lat (usec)   : 1000=0.01%
  lat (msec)   : 2=0.01%, 4=0.01%, 10=0.01%
  cpu          : usr=1.73%, sys=13.76%, ctx=1655842, majf=0, minf=417
  IO depths    : 1=100.0%, 2=0.0%, 4=0.0%, 8=0.0%, 16=0.0%, 32=0.0%, >=64=0.0%
     submit    : 0=0.0%, 4=100.0%, 8=0.0%, 16=0.0%, 32=0.0%, 64=0.0%, >=64=0.0%
     complete  : 0=0.0%, 4=100.0%, 8=0.0%, 16=0.0%, 32=0.0%, 64=0.0%, >=64=0.0%
     issued rwts: total=1655871,0,0,0 short=0,0,0,0 dropped=0,0,0,0
     latency   : target=0, window=0, percentile=100.00%, depth=1
write: (groupid=2, jobs=16): err= 0: pid=4740: Thu Jun 29 10:43:57 2023
  write: IOPS=12.0k, BW=753MiB/s (789MB/s)(7527MiB/10002msec); 0 zone resets
    clat (usec): min=363, max=17223, avg=1326.18, stdev=1010.18
     lat (usec): min=363, max=17224, avg=1326.48, stdev=1010.18
    clat percentiles (usec):
     |  1.00th=[  627],  5.00th=[  750], 10.00th=[  816], 20.00th=[  906],
     | 30.00th=[  963], 40.00th=[ 1020], 50.00th=[ 1074], 60.00th=[ 1139],
     | 70.00th=[ 1221], 80.00th=[ 1352], 90.00th=[ 1680], 95.00th=[ 3064],
     | 99.00th=[ 6390], 99.50th=[ 7570], 99.90th=[ 9765], 99.95th=[10552],
     | 99.99th=[13435]
   bw (  KiB/s): min=699952, max=870597, per=100.00%, avg=773073.79, stdev=2945.41, samples=304
   iops        : min=10936, max=13592, avg=12072.16, stdev=45.90, samples=304
  lat (usec)   : 500=0.06%, 750=5.10%, 1000=30.92%
  lat (msec)   : 2=56.32%, 4=4.19%, 10=3.33%, 20=0.08%
  cpu          : usr=0.47%, sys=7.33%, ctx=376808, majf=0, minf=176
  IO depths    : 1=100.0%, 2=0.0%, 4=0.0%, 8=0.0%, 16=0.0%, 32=0.0%, >=64=0.0%
     submit    : 0=0.0%, 4=100.0%, 8=0.0%, 16=0.0%, 32=0.0%, 64=0.0%, >=64=0.0%
     complete  : 0=0.0%, 4=100.0%, 8=0.0%, 16=0.0%, 32=0.0%, 64=0.0%, >=64=0.0%
     issued rwts: total=0,120437,0,0 short=0,0,0,0 dropped=0,0,0,0
     latency   : target=0, window=0, percentile=100.00%, depth=1
randwrite: (groupid=3, jobs=16): err= 0: pid=4787: Thu Jun 29 10:43:57 2023
  write: IOPS=7988, BW=499MiB/s (524MB/s)(4994MiB/10002msec); 0 zone resets
    clat (usec): min=442, max=881642, avg=1996.69, stdev=11174.36
     lat (usec): min=442, max=881642, avg=1997.13, stdev=11174.37
    clat percentiles (usec):
     |  1.00th=[   848],  5.00th=[  1057], 10.00th=[  1172], 20.00th=[  1336],
     | 30.00th=[  1467], 40.00th=[  1582], 50.00th=[  1696], 60.00th=[  1811],
     | 70.00th=[  1926], 80.00th=[  2073], 90.00th=[  2311], 95.00th=[  2606],
     | 99.00th=[  3720], 99.50th=[  5080], 99.90th=[ 12518], 99.95th=[149947],
     | 99.99th=[700449]
   bw (  KiB/s): min=208907, max=767794, per=100.00%, avg=527197.04, stdev=8255.03, samples=296
   iops        : min= 3260, max=11996, avg=8233.92, stdev=128.98, samples=296
  lat (usec)   : 500=0.01%, 750=0.33%, 1000=3.13%
  lat (msec)   : 2=71.70%, 4=24.04%, 10=0.67%, 20=0.05%, 50=0.01%
  lat (msec)   : 100=0.01%, 250=0.02%, 500=0.01%, 750=0.01%, 1000=0.01%
  cpu          : usr=0.28%, sys=22.93%, ctx=81082, majf=0, minf=170
  IO depths    : 1=100.0%, 2=0.0%, 4=0.0%, 8=0.0%, 16=0.0%, 32=0.0%, >=64=0.0%
     submit    : 0=0.0%, 4=100.0%, 8=0.0%, 16=0.0%, 32=0.0%, 64=0.0%, >=64=0.0%
     complete  : 0=0.0%, 4=100.0%, 8=0.0%, 16=0.0%, 32=0.0%, 64=0.0%, >=64=0.0%
     issued rwts: total=0,79896,0,0 short=0,0,0,0 dropped=0,0,0,0
     latency   : target=0, window=0, percentile=100.00%, depth=1

Run status group 0 (all jobs):
   READ: bw=10.1GiB/s (10.8GB/s), 10.1GiB/s-10.1GiB/s (10.8GB/s-10.8GB/s), io=101GiB (108GB), run=10001-10001msec

Run status group 1 (all jobs):
   READ: bw=10.1GiB/s (10.8GB/s), 10.1GiB/s-10.1GiB/s (10.8GB/s-10.8GB/s), io=101GiB (109GB), run=10001-10001msec

Run status group 2 (all jobs):
  WRITE: bw=753MiB/s (789MB/s), 753MiB/s-753MiB/s (789MB/s-789MB/s), io=7527MiB (7893MB), run=10002-10002msec

Run status group 3 (all jobs):
  WRITE: bw=499MiB/s (524MB/s), 499MiB/s-499MiB/s (524MB/s-524MB/s), io=4994MiB (5236MB), run=10002-10002msec

Disk stats (read/write):
    md5: ios=3308932/199982, merge=0/0, ticks=0/0, in_queue=0, util=0.00%, aggrios=713536/418695, aggrmerge=295734/644098, aggrticks=76344/140794, aggrin_queue=784, aggrutil=98.45%
  nvme0n1: ios=713404/413030, merge=295294/647655, ticks=78334/135781, in_queue=912, util=98.45%
  nvme3n1: ios=713124/421793, merge=293766/641728, ticks=75588/145770, in_queue=924, util=98.35%
  nvme2n1: ios=713360/417784, merge=295153/646241, ticks=75530/146997, in_queue=260, util=98.32%
  nvme1n1: ios=713979/416112, merge=296872/645414, ticks=76604/132665, in_queue=916, util=98.34%
  nvme4n1: ios=713815/424759, merge=297586/639455, ticks=75668/142757, in_queue=912, util=98.33%
read: (g=0): rw=read, bs=(R) 64.0KiB-64.0KiB, (W) 64.0KiB-64.0KiB, (T) 64.0KiB-64.0KiB, ioengine=sync, iodepth=1
...
randread: (g=1): rw=randread, bs=(R) 64.0KiB-64.0KiB, (W) 64.0KiB-64.0KiB, (T) 64.0KiB-64.0KiB, ioengine=sync, iodepth=1
...
write: (g=2): rw=write, bs=(R) 64.0KiB-64.0KiB, (W) 64.0KiB-64.0KiB, (T) 64.0KiB-64.0KiB, ioengine=sync, iodepth=1
...
randwrite: (g=3): rw=randwrite, bs=(R) 64.0KiB-64.0KiB, (W) 64.0KiB-64.0KiB, (T) 64.0KiB-64.0KiB, ioengine=sync, iodepth=1
...
fio-3.31
Starting 128 processes

read: (groupid=0, jobs=32): err= 0: pid=4856: Thu Jun 29 10:44:40 2023
  read: IOPS=161k, BW=9.83GiB/s (10.6GB/s)(98.4GiB/10001msec)
    clat (usec): min=50, max=3470, avg=197.31, stdev=118.20
     lat (usec): min=50, max=3470, avg=197.48, stdev=118.24
    clat percentiles (usec):
     |  1.00th=[   58],  5.00th=[   73], 10.00th=[   85], 20.00th=[  101],
     | 30.00th=[  117], 40.00th=[  133], 50.00th=[  153], 60.00th=[  186],
     | 70.00th=[  243], 80.00th=[  306], 90.00th=[  371], 95.00th=[  424],
     | 99.00th=[  506], 99.50th=[  537], 99.90th=[  603], 99.95th=[  709],
     | 99.99th=[ 2089]
   bw (  MiB/s): min= 7545, max=15165, per=98.41%, avg=9911.47, stdev=69.13, samples=608
   iops        : min=120712, max=242630, avg=158569.58, stdev=1106.13, samples=608
  lat (usec)   : 100=19.23%, 250=51.86%, 500=27.72%, 750=1.14%, 1000=0.02%
  lat (msec)   : 2=0.02%, 4=0.01%
  cpu          : usr=1.61%, sys=13.12%, ctx=1611653, majf=0, minf=924
  IO depths    : 1=100.0%, 2=0.0%, 4=0.0%, 8=0.0%, 16=0.0%, 32=0.0%, >=64=0.0%
     submit    : 0=0.0%, 4=100.0%, 8=0.0%, 16=0.0%, 32=0.0%, 64=0.0%, >=64=0.0%
     complete  : 0=0.0%, 4=100.0%, 8=0.0%, 16=0.0%, 32=0.0%, 64=0.0%, >=64=0.0%
     issued rwts: total=1611654,0,0,0 short=0,0,0,0 dropped=0,0,0,0
     latency   : target=0, window=0, percentile=100.00%, depth=1
randread: (groupid=1, jobs=32): err= 0: pid=4935: Thu Jun 29 10:44:40 2023
  read: IOPS=228k, BW=13.9GiB/s (15.0GB/s)(139GiB/10002msec)
    clat (usec): min=49, max=10179, avg=138.76, stdev=93.66
     lat (usec): min=49, max=10180, avg=138.84, stdev=93.66
    clat percentiles (usec):
     |  1.00th=[   58],  5.00th=[   69], 10.00th=[   81], 20.00th=[   96],
     | 30.00th=[  108], 40.00th=[  118], 50.00th=[  129], 60.00th=[  141],
     | 70.00th=[  155], 80.00th=[  174], 90.00th=[  204], 95.00th=[  237],
     | 99.00th=[  326], 99.50th=[  375], 99.90th=[  515], 99.95th=[  594],
     | 99.99th=[ 5800]
   bw (  MiB/s): min=12126, max=15044, per=100.00%, avg=14351.15, stdev=24.69, samples=608
   iops        : min=194015, max=240705, avg=229610.53, stdev=395.11, samples=608
  lat (usec)   : 50=0.01%, 100=23.62%, 250=72.62%, 500=3.64%, 750=0.09%
  lat (usec)   : 1000=0.01%
  lat (msec)   : 2=0.01%, 4=0.01%, 10=0.01%, 20=0.01%
  cpu          : usr=1.40%, sys=10.50%, ctx=2283333, majf=0, minf=867
  IO depths    : 1=100.0%, 2=0.0%, 4=0.0%, 8=0.0%, 16=0.0%, 32=0.0%, >=64=0.0%
     submit    : 0=0.0%, 4=100.0%, 8=0.0%, 16=0.0%, 32=0.0%, 64=0.0%, >=64=0.0%
     complete  : 0=0.0%, 4=100.0%, 8=0.0%, 16=0.0%, 32=0.0%, 64=0.0%, >=64=0.0%
     issued rwts: total=2283356,0,0,0 short=0,0,0,0 dropped=0,0,0,0
     latency   : target=0, window=0, percentile=100.00%, depth=1
write: (groupid=2, jobs=32): err= 0: pid=4967: Thu Jun 29 10:44:40 2023
  write: IOPS=14.4k, BW=902MiB/s (946MB/s)(9027MiB/10005msec); 0 zone resets
    clat (usec): min=335, max=52547, avg=2213.44, stdev=3405.36
     lat (usec): min=335, max=52547, avg=2213.77, stdev=3405.36
    clat percentiles (usec):
     |  1.00th=[  758],  5.00th=[  947], 10.00th=[ 1057], 20.00th=[ 1172],
     | 30.00th=[ 1270], 40.00th=[ 1352], 50.00th=[ 1450], 60.00th=[ 1565],
     | 70.00th=[ 1696], 80.00th=[ 1926], 90.00th=[ 2474], 95.00th=[ 5342],
     | 99.00th=[20841], 99.50th=[25297], 99.90th=[34341], 99.95th=[36963],
     | 99.99th=[42730]
   bw (  KiB/s): min=760960, max=1090291, per=100.00%, avg=928080.47, stdev=2531.04, samples=608
   iops        : min=11890, max=17034, avg=14492.05, stdev=39.47, samples=608
  lat (usec)   : 500=0.02%, 750=0.89%, 1000=6.45%
  lat (msec)   : 2=75.07%, 4=11.64%, 10=2.56%, 20=2.26%, 50=1.10%
  lat (msec)   : 100=0.01%
  cpu          : usr=0.26%, sys=11.49%, ctx=815645, majf=0, minf=390
  IO depths    : 1=100.0%, 2=0.0%, 4=0.0%, 8=0.0%, 16=0.0%, 32=0.0%, >=64=0.0%
     submit    : 0=0.0%, 4=100.0%, 8=0.0%, 16=0.0%, 32=0.0%, 64=0.0%, >=64=0.0%
     complete  : 0=0.0%, 4=100.0%, 8=0.0%, 16=0.0%, 32=0.0%, 64=0.0%, >=64=0.0%
     issued rwts: total=0,144431,0,0 short=0,0,0,0 dropped=0,0,0,0
     latency   : target=0, window=0, percentile=100.00%, depth=1
randwrite: (groupid=3, jobs=32): err= 0: pid=5032: Thu Jun 29 10:44:40 2023
  write: IOPS=9734, BW=608MiB/s (638MB/s)(6087MiB/10004msec); 0 zone resets
    clat (usec): min=530, max=2428.5k, avg=3278.69, stdev=27433.10
     lat (usec): min=531, max=2428.5k, avg=3279.20, stdev=27433.11
    clat percentiles (usec):
     |  1.00th=[   1205],  5.00th=[   1467], 10.00th=[   1631],
     | 20.00th=[   1860], 30.00th=[   2024], 40.00th=[   2180],
     | 50.00th=[   2311], 60.00th=[   2474], 70.00th=[   2638],
     | 80.00th=[   2900], 90.00th=[   3392], 95.00th=[   4047],
     | 99.00th=[   6325], 99.50th=[   7898], 99.90th=[ 233833],
     | 99.95th=[ 591397], 99.99th=[1333789]
   bw (  KiB/s): min=188098, max=969239, per=100.00%, avg=684980.11, stdev=6931.28, samples=552
   iops        : min= 2932, max=15143, avg=10699.33, stdev=108.35, samples=552
  lat (usec)   : 750=0.02%, 1000=0.18%
  lat (msec)   : 2=28.53%, 4=66.05%, 10=4.93%, 20=0.14%, 50=0.01%
  lat (msec)   : 100=0.02%, 250=0.03%, 500=0.04%, 750=0.02%, 1000=0.01%
  lat (msec)   : 2000=0.02%, >=2000=0.01%
  cpu          : usr=0.13%, sys=19.24%, ctx=99882, majf=0, minf=364
  IO depths    : 1=100.0%, 2=0.0%, 4=0.0%, 8=0.0%, 16=0.0%, 32=0.0%, >=64=0.0%
     submit    : 0=0.0%, 4=100.0%, 8=0.0%, 16=0.0%, 32=0.0%, 64=0.0%, >=64=0.0%
     complete  : 0=0.0%, 4=100.0%, 8=0.0%, 16=0.0%, 32=0.0%, 64=0.0%, >=64=0.0%
     issued rwts: total=0,97386,0,0 short=0,0,0,0 dropped=0,0,0,0
     latency   : target=0, window=0, percentile=100.00%, depth=1

Run status group 0 (all jobs):
   READ: bw=9.83GiB/s (10.6GB/s), 9.83GiB/s-9.83GiB/s (10.6GB/s-10.6GB/s), io=98.4GiB (106GB), run=10001-10001msec

Run status group 1 (all jobs):
   READ: bw=13.9GiB/s (15.0GB/s), 13.9GiB/s-13.9GiB/s (15.0GB/s-15.0GB/s), io=139GiB (150GB), run=10002-10002msec

Run status group 2 (all jobs):
  WRITE: bw=902MiB/s (946MB/s), 902MiB/s-902MiB/s (946MB/s-946MB/s), io=9027MiB (9465MB), run=10005-10005msec

Run status group 3 (all jobs):
  WRITE: bw=608MiB/s (638MB/s), 608MiB/s-608MiB/s (638MB/s-638MB/s), io=6087MiB (6382MB), run=10004-10004msec

Disk stats (read/write):
    md5: ios=3895520/240775, merge=0/0, ticks=0/0, in_queue=0, util=0.00%, aggrios=841616/580218, aggrmerge=347983/706928, aggrticks=146083/224016, aggrin_queue=947, aggrutil=98.24%
  nvme0n1: ios=841702/574954, merge=348341/709427, ticks=162927/228126, in_queue=1308, util=98.24%
  nvme3n1: ios=841514/583316, merge=347248/705572, ticks=139900/227678, in_queue=1104, util=98.16%
  nvme2n1: ios=841784/578337, merge=348659/708666, ticks=139546/231438, in_queue=888, util=98.18%
  nvme1n1: ios=841779/577583, merge=348968/710900, ticks=148740/210134, in_queue=480, util=98.17%
  nvme4n1: ios=841305/586902, merge=346702/700076, ticks=139303/222708, in_queue=956, util=98.12%
read: (g=0): rw=read, bs=(R) 64.0KiB-64.0KiB, (W) 64.0KiB-64.0KiB, (T) 64.0KiB-64.0KiB, ioengine=sync, iodepth=1
...
randread: (g=1): rw=randread, bs=(R) 64.0KiB-64.0KiB, (W) 64.0KiB-64.0KiB, (T) 64.0KiB-64.0KiB, ioengine=sync, iodepth=1
...
write: (g=2): rw=write, bs=(R) 64.0KiB-64.0KiB, (W) 64.0KiB-64.0KiB, (T) 64.0KiB-64.0KiB, ioengine=sync, iodepth=1
...
randwrite: (g=3): rw=randwrite, bs=(R) 64.0KiB-64.0KiB, (W) 64.0KiB-64.0KiB, (T) 64.0KiB-64.0KiB, ioengine=sync, iodepth=1
...
fio-3.31
Starting 256 processes

read: (groupid=0, jobs=64): err= 0: pid=5106: Thu Jun 29 10:45:24 2023
  read: IOPS=174k, BW=10.6GiB/s (11.4GB/s)(106GiB/10001msec)
    clat (usec): min=50, max=16362, avg=366.40, stdev=291.05
     lat (usec): min=50, max=16362, avg=366.63, stdev=291.08
    clat percentiles (usec):
     |  1.00th=[   80],  5.00th=[  104], 10.00th=[  124], 20.00th=[  151],
     | 30.00th=[  182], 40.00th=[  219], 50.00th=[  269], 60.00th=[  347],
     | 70.00th=[  457], 80.00th=[  594], 90.00th=[  750], 95.00th=[  865],
     | 99.00th=[ 1057], 99.50th=[ 1123], 99.90th=[ 1319], 99.95th=[ 3654],
     | 99.99th=[ 8029]
   bw (  MiB/s): min= 7127, max=20256, per=97.40%, avg=10578.05, stdev=55.41, samples=1216
   iops        : min=114020, max=324066, avg=169230.05, stdev=886.42, samples=1216
  lat (usec)   : 100=4.14%, 250=42.38%, 500=26.63%, 750=16.82%, 1000=8.34%
  lat (msec)   : 2=1.61%, 4=0.02%, 10=0.05%, 20=0.01%
  cpu          : usr=1.39%, sys=8.62%, ctx=1740207, majf=0, minf=1850
  IO depths    : 1=100.0%, 2=0.0%, 4=0.0%, 8=0.0%, 16=0.0%, 32=0.0%, >=64=0.0%
     submit    : 0=0.0%, 4=100.0%, 8=0.0%, 16=0.0%, 32=0.0%, 64=0.0%, >=64=0.0%
     complete  : 0=0.0%, 4=100.0%, 8=0.0%, 16=0.0%, 32=0.0%, 64=0.0%, >=64=0.0%
     issued rwts: total=1737799,0,0,0 short=0,0,0,0 dropped=0,0,0,0
     latency   : target=0, window=0, percentile=100.00%, depth=1
randread: (groupid=1, jobs=64): err= 0: pid=5209: Thu Jun 29 10:45:24 2023
  read: IOPS=306k, BW=18.7GiB/s (20.0GB/s)(187GiB/10003msec)
    clat (usec): min=49, max=9343, avg=207.43, stdev=145.98
     lat (usec): min=49, max=9343, avg=207.54, stdev=145.98
    clat percentiles (usec):
     |  1.00th=[   75],  5.00th=[  101], 10.00th=[  117], 20.00th=[  139],
     | 30.00th=[  155], 40.00th=[  174], 50.00th=[  190], 60.00th=[  210],
     | 70.00th=[  233], 80.00th=[  265], 90.00th=[  310], 95.00th=[  359],
     | 99.00th=[  469], 99.50th=[  529], 99.90th=[  898], 99.95th=[ 2180],
     | 99.99th=[ 7177]
   bw (  MiB/s): min=17479, max=20075, per=100.00%, avg=19116.92, stdev=12.05, samples=1216
   iops        : min=279645, max=321197, avg=305855.74, stdev=192.75, samples=1216
  lat (usec)   : 50=0.01%, 100=4.73%, 250=71.32%, 500=23.26%, 750=0.54%
  lat (usec)   : 1000=0.06%
  lat (msec)   : 2=0.03%, 4=0.02%, 10=0.03%
  cpu          : usr=1.38%, sys=8.20%, ctx=3058817, majf=0, minf=1737
  IO depths    : 1=100.0%, 2=0.0%, 4=0.0%, 8=0.0%, 16=0.0%, 32=0.0%, >=64=0.0%
     submit    : 0=0.0%, 4=100.0%, 8=0.0%, 16=0.0%, 32=0.0%, 64=0.0%, >=64=0.0%
     complete  : 0=0.0%, 4=100.0%, 8=0.0%, 16=0.0%, 32=0.0%, 64=0.0%, >=64=0.0%
     issued rwts: total=3057211,0,0,0 short=0,0,0,0 dropped=0,0,0,0
     latency   : target=0, window=0, percentile=100.00%, depth=1
write: (groupid=2, jobs=64): err= 0: pid=5274: Thu Jun 29 10:45:24 2023
  write: IOPS=15.7k, BW=981MiB/s (1029MB/s)(9818MiB/10004msec); 0 zone resets
    clat (usec): min=371, max=183503, avg=4071.33, stdev=10150.19
     lat (usec): min=371, max=183503, avg=4071.67, stdev=10150.22
    clat percentiles (usec):
     |  1.00th=[   930],  5.00th=[  1205], 10.00th=[  1369], 20.00th=[  1598],
     | 30.00th=[  1778], 40.00th=[  1958], 50.00th=[  2147], 60.00th=[  2409],
     | 70.00th=[  2704], 80.00th=[  3261], 90.00th=[  4490], 95.00th=[  6980],
     | 99.00th=[ 64750], 99.50th=[ 80217], 99.90th=[110625], 99.95th=[120062],
     | 99.99th=[145753]
   bw (  KiB/s): min=746380, max=1337690, per=99.52%, avg=1000188.53, stdev=2302.27, samples=1216
   iops        : min=11628, max=20885, avg=15605.58, stdev=36.02, samples=1216
  lat (usec)   : 500=0.02%, 750=0.23%, 1000=1.40%
  lat (msec)   : 2=40.73%, 4=44.94%, 10=9.04%, 20=0.95%, 50=1.10%
  lat (msec)   : 100=1.41%, 250=0.19%
  cpu          : usr=0.10%, sys=21.37%, ctx=1242051, majf=0, minf=778
  IO depths    : 1=100.0%, 2=0.0%, 4=0.0%, 8=0.0%, 16=0.0%, 32=0.0%, >=64=0.0%
     submit    : 0=0.0%, 4=100.0%, 8=0.0%, 16=0.0%, 32=0.0%, 64=0.0%, >=64=0.0%
     complete  : 0=0.0%, 4=100.0%, 8=0.0%, 16=0.0%, 32=0.0%, 64=0.0%, >=64=0.0%
     issued rwts: total=0,157092,0,0 short=0,0,0,0 dropped=0,0,0,0
     latency   : target=0, window=0, percentile=100.00%, depth=1
randwrite: (groupid=3, jobs=64): err= 0: pid=5430: Thu Jun 29 10:45:24 2023
  write: IOPS=9916, BW=620MiB/s (650MB/s)(6203MiB/10008msec); 0 zone resets
    clat (usec): min=443, max=2076.3k, avg=6440.15, stdev=40430.37
     lat (usec): min=443, max=2076.3k, avg=6440.47, stdev=40430.37
    clat percentiles (msec):
     |  1.00th=[    3],  5.00th=[    3], 10.00th=[    4], 20.00th=[    4],
     | 30.00th=[    4], 40.00th=[    5], 50.00th=[    5], 60.00th=[    5],
     | 70.00th=[    6], 80.00th=[    6], 90.00th=[    7], 95.00th=[    8],
     | 99.00th=[   12], 99.50th=[   17], 99.90th=[  684], 99.95th=[ 1011],
     | 99.99th=[ 1754]
   bw (  KiB/s): min=154052, max=995957, per=100.00%, avg=706988.44, stdev=3873.85, samples=1089
   iops        : min= 2368, max=15534, avg=11023.61, stdev=60.60, samples=1089
  lat (usec)   : 500=0.01%, 750=0.01%, 1000=0.02%
  lat (msec)   : 2=0.20%, 4=31.83%, 10=66.33%, 20=1.20%, 50=0.10%
  lat (msec)   : 100=0.02%, 250=0.06%, 500=0.09%, 750=0.06%, 1000=0.02%
  lat (msec)   : 2000=0.05%, >=2000=0.01%
  cpu          : usr=0.06%, sys=21.59%, ctx=102311, majf=0, minf=661
  IO depths    : 1=100.0%, 2=0.0%, 4=0.0%, 8=0.0%, 16=0.0%, 32=0.0%, >=64=0.0%
     submit    : 0=0.0%, 4=100.0%, 8=0.0%, 16=0.0%, 32=0.0%, 64=0.0%, >=64=0.0%
     complete  : 0=0.0%, 4=100.0%, 8=0.0%, 16=0.0%, 32=0.0%, 64=0.0%, >=64=0.0%
     issued rwts: total=0,99248,0,0 short=0,0,0,0 dropped=0,0,0,0
     latency   : target=0, window=0, percentile=100.00%, depth=1

Run status group 0 (all jobs):
   READ: bw=10.6GiB/s (11.4GB/s), 10.6GiB/s-10.6GiB/s (11.4GB/s-11.4GB/s), io=106GiB (114GB), run=10001-10001msec

Run status group 1 (all jobs):
   READ: bw=18.7GiB/s (20.0GB/s), 18.7GiB/s-18.7GiB/s (20.0GB/s-20.0GB/s), io=187GiB (200GB), run=10003-10003msec

Run status group 2 (all jobs):
  WRITE: bw=981MiB/s (1029MB/s), 981MiB/s-981MiB/s (1029MB/s-1029MB/s), io=9818MiB (10.3GB), run=10004-10004msec

Run status group 3 (all jobs):
  WRITE: bw=620MiB/s (650MB/s), 620MiB/s-620MiB/s (650MB/s-650MB/s), io=6203MiB (6504MB), run=10008-10008msec

Disk stats (read/write):
    md5: ios=4795414/256098, merge=0/0, ticks=0/0, in_queue=0, util=0.00%, aggrios=1020508/595449, aggrmerge=351159/779996, aggrticks=279327/301276, aggrin_queue=2804, aggrutil=97.75%
  nvme0n1: ios=1020900/589443, merge=352503/789009, ticks=282567/297947, in_queue=1376, util=97.75%
  nvme3n1: ios=1020519/599518, merge=350909/777915, ticks=284943/305275, in_queue=1780, util=97.65%
  nvme2n1: ios=1020328/595249, merge=350683/777024, ticks=273208/310858, in_queue=4276, util=97.67%
  nvme1n1: ios=1020497/592288, merge=351164/784389, ticks=290765/288384, in_queue=3172, util=97.68%
  nvme4n1: ios=1020299/600748, merge=350540/771643, ticks=265154/303920, in_queue=3416, util=97.67%
